# JRE version: OpenJDK Runtime Environment (13.0.2+8) (build 13.0.2+8)
# Java VM: OpenJDK 64-Bit Server VM (13.0.2+8, mixed mode, sharing, tiered, compressed oops, g1 gc, bsd-amd64)
Heap:
 garbage-first heap   total 48128K, used 18940K [0x0000000700000000, 0x0000000800000000)
  region size 1024K, 4 young (4096K), 3 survivors (3072K)
 Metaspace       used 30068K, capacity 30802K, committed 31152K, reserved 1077248K
  class space    used 3501K, capacity 3813K, committed 3840K, reserved 1048576K
GC Heap History (10 events):
Event: 0.572 GC heap before
{Heap before GC invocations=0 (full 0):
 garbage-first heap   total 264192K, used 24316K [0x0000000700000000, 0x0000000800000000)
  region size 1024K, 24 young (24576K), 0 survivors (0K)
 Metaspace       used 5075K, capacity 7816K, committed 8192K, reserved 1056768K
  class space    used 607K, capacity 885K, committed 1024K, reserved 1048576K
}
Event: 0.578 GC heap after
{Heap after GC invocations=1 (full 0):
 garbage-first heap   total 264192K, used 3737K [0x0000000700000000, 0x0000000800000000)
  region size 1024K, 3 young (3072K), 3 survivors (3072K)
 Metaspace       used 5075K, capacity 7816K, committed 8192K, reserved 1056768K
  class space    used 607K, capacity 885K, committed 1024K, reserved 1048576K
}
Event: 3.568 GC heap before
{Heap before GC invocations=1 (full 0):
 garbage-first heap   total 264192K, used 93849K [0x0000000700000000, 0x0000000800000000)
  region size 1024K, 92 young (94208K), 3 survivors (3072K)
 Metaspace       used 20541K, capacity 20876K, committed 21296K, reserved 1069056K
  class space    used 2444K, capacity 2577K, committed 2688K, reserved 1048576K
}
Event: 3.584 GC heap after
{Heap after GC invocations=2 (full 0):
 garbage-first heap   total 264192K, used 11746K [0x0000000700000000, 0x0000000800000000)
  region size 1024K, 11 young (11264K), 11 survivors (11264K)
 Metaspace       used 20541K, capacity 20876K, committed 21296K, reserved 1069056K
  class space    used 2444K, capacity 2577K, committed 2688K, reserved 1048576K
}
Event: 5.845 GC heap before
{Heap before GC invocations=3 (full 0):
 garbage-first heap   total 48128K, used 29154K [0x0000000700000000, 0x0000000800000000)
  region size 1024K, 28 young (28672K), 11 survivors (11264K)
 Metaspace       used 20827K, capacity 21208K, committed 21808K, reserved 1069056K
  class space    used 2460K, capacity 2579K, committed 2688K, reserved 1048576K
}
Event: 5.861 GC heap after
{Heap after GC invocations=4 (full 0):
 garbage-first heap   total 48128K, used 13235K [0x0000000700000000, 0x0000000800000000)
  region size 1024K, 2 young (2048K), 2 survivors (2048K)
 Metaspace       used 20827K, capacity 21208K, committed 21808K, reserved 1069056K
  class space    used 2460K, capacity 2579K, committed 2688K, reserved 1048576K
}
Event: 8.168 GC heap before
{Heap before GC invocations=4 (full 0):
 garbage-first heap   total 48128K, used 32691K [0x0000000700000000, 0x0000000800000000)
  region size 1024K, 21 young (21504K), 2 survivors (2048K)
 Metaspace       used 23059K, capacity 23528K, committed 23856K, reserved 1071104K
  class space    used 2706K, capacity 2911K, committed 2944K, reserved 1048576K
}
Event: 8.169 GC heap after
{Heap after GC invocations=5 (full 0):
 garbage-first heap   total 48128K, used 13766K [0x0000000700000000, 0x0000000800000000)
  region size 1024K, 2 young (2048K), 2 survivors (2048K)
 Metaspace       used 23059K, capacity 23528K, committed 23856K, reserved 1071104K
  class space    used 2706K, capacity 2911K, committed 2944K, reserved 1048576K
}
Event: 35.464 GC heap before
{Heap before GC invocations=5 (full 0):
 garbage-first heap   total 48128K, used 33222K [0x0000000700000000, 0x0000000800000000)
  region size 1024K, 22 young (22528K), 2 survivors (2048K)
 Metaspace       used 30045K, capacity 30715K, committed 31152K, reserved 1077248K
  class space    used 3496K, capacity 3803K, committed 3840K, reserved 1048576K
}
Event: 35.468 GC heap after
{Heap after GC invocations=6 (full 0):
 garbage-first heap   total 48128K, used 18940K [0x0000000700000000, 0x0000000800000000)
  region size 1024K, 3 young (3072K), 3 survivors (3072K)
 Metaspace       used 30045K, capacity 30715K, committed 31152K, reserved 1077248K
  class space    used 3496K, capacity 3803K, committed 3840K, reserved 1048576K
}

